Determining if the function crc32c_value exists in the crc32c failed with the following output:
Change Dir: /home/zewei/leveldb-pmdk/build/CMakeFiles/CMakeTmp

Run Build Command(s):/usr/bin/gmake -f Makefile cmTC_3cec3/fast && /usr/bin/gmake  -f CMakeFiles/cmTC_3cec3.dir/build.make CMakeFiles/cmTC_3cec3.dir/build
gmake[1]: Entering directory '/home/zewei/leveldb-pmdk/build/CMakeFiles/CMakeTmp'
Building C object CMakeFiles/cmTC_3cec3.dir/CheckFunctionExists.c.o
/usr/bin/cc   -DCHECK_FUNCTION_EXISTS=crc32c_value -std=c11 -o CMakeFiles/cmTC_3cec3.dir/CheckFunctionExists.c.o -c /usr/share/cmake-3.22/Modules/CheckFunctionExists.c
Linking C executable cmTC_3cec3
/usr/bin/cmake -E cmake_link_script CMakeFiles/cmTC_3cec3.dir/link.txt --verbose=1
/usr/bin/cc  -DCHECK_FUNCTION_EXISTS=crc32c_value CMakeFiles/cmTC_3cec3.dir/CheckFunctionExists.c.o -o cmTC_3cec3  -lcrc32c 
/usr/bin/ld: cannot find -lcrc32c: No such file or directory
collect2: error: ld returned 1 exit status
gmake[1]: *** [CMakeFiles/cmTC_3cec3.dir/build.make:99: cmTC_3cec3] Error 1
gmake[1]: Leaving directory '/home/zewei/leveldb-pmdk/build/CMakeFiles/CMakeTmp'
gmake: *** [Makefile:127: cmTC_3cec3/fast] Error 2



Determining if the function snappy_compress exists in the snappy failed with the following output:
Change Dir: /home/zewei/leveldb-pmdk/build/CMakeFiles/CMakeTmp

Run Build Command(s):/usr/bin/gmake -f Makefile cmTC_60e6f/fast && /usr/bin/gmake  -f CMakeFiles/cmTC_60e6f.dir/build.make CMakeFiles/cmTC_60e6f.dir/build
gmake[1]: Entering directory '/home/zewei/leveldb-pmdk/build/CMakeFiles/CMakeTmp'
Building C object CMakeFiles/cmTC_60e6f.dir/CheckFunctionExists.c.o
/usr/bin/cc   -DCHECK_FUNCTION_EXISTS=snappy_compress -std=c11 -o CMakeFiles/cmTC_60e6f.dir/CheckFunctionExists.c.o -c /usr/share/cmake-3.22/Modules/CheckFunctionExists.c
Linking C executable cmTC_60e6f
/usr/bin/cmake -E cmake_link_script CMakeFiles/cmTC_60e6f.dir/link.txt --verbose=1
/usr/bin/cc  -DCHECK_FUNCTION_EXISTS=snappy_compress CMakeFiles/cmTC_60e6f.dir/CheckFunctionExists.c.o -o cmTC_60e6f  -lsnappy 
/usr/bin/ld: cannot find -lsnappy: No such file or directory
collect2: error: ld returned 1 exit status
gmake[1]: *** [CMakeFiles/cmTC_60e6f.dir/build.make:99: cmTC_60e6f] Error 1
gmake[1]: Leaving directory '/home/zewei/leveldb-pmdk/build/CMakeFiles/CMakeTmp'
gmake: *** [Makefile:127: cmTC_60e6f/fast] Error 2



Determining if the function malloc exists in the tcmalloc failed with the following output:
Change Dir: /home/zewei/leveldb-pmdk/build/CMakeFiles/CMakeTmp

Run Build Command(s):/usr/bin/gmake -f Makefile cmTC_f31a6/fast && /usr/bin/gmake  -f CMakeFiles/cmTC_f31a6.dir/build.make CMakeFiles/cmTC_f31a6.dir/build
gmake[1]: Entering directory '/home/zewei/leveldb-pmdk/build/CMakeFiles/CMakeTmp'
Building C object CMakeFiles/cmTC_f31a6.dir/CheckFunctionExists.c.o
/usr/bin/cc   -DCHECK_FUNCTION_EXISTS=malloc -std=c11 -o CMakeFiles/cmTC_f31a6.dir/CheckFunctionExists.c.o -c /usr/share/cmake-3.22/Modules/CheckFunctionExists.c
<command-line>: warning: conflicting types for built-in function ‘malloc’; expected ‘void *(long unsigned int)’ [-Wbuiltin-declaration-mismatch]
/usr/share/cmake-3.22/Modules/CheckFunctionExists.c:7:3: note: in expansion of macro ‘CHECK_FUNCTION_EXISTS’
    7 |   CHECK_FUNCTION_EXISTS(void);
      |   ^~~~~~~~~~~~~~~~~~~~~
/usr/share/cmake-3.22/Modules/CheckFunctionExists.c:1:1: note: ‘malloc’ is declared in header ‘<stdlib.h>’
  +++ |+#include <stdlib.h>
    1 | #ifdef CHECK_FUNCTION_EXISTS
Linking C executable cmTC_f31a6
/usr/bin/cmake -E cmake_link_script CMakeFiles/cmTC_f31a6.dir/link.txt --verbose=1
/usr/bin/cc  -DCHECK_FUNCTION_EXISTS=malloc CMakeFiles/cmTC_f31a6.dir/CheckFunctionExists.c.o -o cmTC_f31a6  -ltcmalloc 
/usr/bin/ld: cannot find -ltcmalloc: No such file or directory
collect2: error: ld returned 1 exit status
gmake[1]: *** [CMakeFiles/cmTC_f31a6.dir/build.make:99: cmTC_f31a6] Error 1
gmake[1]: Leaving directory '/home/zewei/leveldb-pmdk/build/CMakeFiles/CMakeTmp'
gmake: *** [Makefile:127: cmTC_f31a6/fast] Error 2



Determining if the fdatasync exist failed with the following output:
Change Dir: /home/zewei/leveldb-pmdk/build/CMakeFiles/CMakeTmp

Run Build Command(s):/usr/bin/gmake -f Makefile cmTC_6092c/fast && /usr/bin/gmake  -f CMakeFiles/cmTC_6092c.dir/build.make CMakeFiles/cmTC_6092c.dir/build
gmake[1]: Entering directory '/home/zewei/leveldb-pmdk/build/CMakeFiles/CMakeTmp'
Building C object CMakeFiles/cmTC_6092c.dir/CheckSymbolExists.c.o
/usr/bin/cc   -std=c11 -o CMakeFiles/cmTC_6092c.dir/CheckSymbolExists.c.o -c /home/zewei/leveldb-pmdk/build/CMakeFiles/CMakeTmp/CheckSymbolExists.c
/home/zewei/leveldb-pmdk/build/CMakeFiles/CMakeTmp/CheckSymbolExists.c: In function ‘main’:
/home/zewei/leveldb-pmdk/build/CMakeFiles/CMakeTmp/CheckSymbolExists.c:8:19: error: ‘fdatasync’ undeclared (first use in this function)
    8 |   return ((int*)(&fdatasync))[argc];
      |                   ^~~~~~~~~
/home/zewei/leveldb-pmdk/build/CMakeFiles/CMakeTmp/CheckSymbolExists.c:8:19: note: each undeclared identifier is reported only once for each function it appears in
gmake[1]: *** [CMakeFiles/cmTC_6092c.dir/build.make:78: CMakeFiles/cmTC_6092c.dir/CheckSymbolExists.c.o] Error 1
gmake[1]: Leaving directory '/home/zewei/leveldb-pmdk/build/CMakeFiles/CMakeTmp'
gmake: *** [Makefile:127: cmTC_6092c/fast] Error 2


File /home/zewei/leveldb-pmdk/build/CMakeFiles/CMakeTmp/CheckSymbolExists.c:
/* */
#include <unistd.h>

int main(int argc, char** argv)
{
  (void)argv;
#ifndef fdatasync
  return ((int*)(&fdatasync))[argc];
#else
  (void)argc;
  return 0;
#endif
}
Performing C++ SOURCE FILE Test HAVE_CLANG_THREAD_SAFETY failed with the following output:
Change Dir: /home/zewei/leveldb-pmdk/build/CMakeFiles/CMakeTmp

Run Build Command(s):/usr/bin/gmake -f Makefile cmTC_08f08/fast && /usr/bin/gmake  -f CMakeFiles/cmTC_08f08.dir/build.make CMakeFiles/cmTC_08f08.dir/build
gmake[1]: Entering directory '/home/zewei/leveldb-pmdk/build/CMakeFiles/CMakeTmp'
Building CXX object CMakeFiles/cmTC_08f08.dir/src.cxx.o
/usr/bin/c++ -DHAVE_CLANG_THREAD_SAFETY  -Werror -std=c++11 -o CMakeFiles/cmTC_08f08.dir/src.cxx.o -c /home/zewei/leveldb-pmdk/build/CMakeFiles/CMakeTmp/src.cxx
/home/zewei/leveldb-pmdk/build/CMakeFiles/CMakeTmp/src.cxx:2:34: error: ‘lockable’ attribute directive ignored [-Werror=attributes]
    2 | struct __attribute__((lockable)) Lock {
      |                                  ^~~~
/home/zewei/leveldb-pmdk/build/CMakeFiles/CMakeTmp/src.cxx:3:59: error: ‘exclusive_lock_function’ attribute directive ignored [-Werror=attributes]
    3 |   void Acquire() __attribute__((exclusive_lock_function()));
      |                                                           ^
/home/zewei/leveldb-pmdk/build/CMakeFiles/CMakeTmp/src.cxx:4:51: error: ‘unlock_function’ attribute directive ignored [-Werror=attributes]
    4 |   void Release() __attribute__((unlock_function()));
      |                                                   ^
/home/zewei/leveldb-pmdk/build/CMakeFiles/CMakeTmp/src.cxx:8:46: error: ‘guarded_by’ attribute directive ignored [-Werror=attributes]
    8 |   int data_ __attribute__((guarded_by(lock_)));
      |                                              ^
cc1plus: all warnings being treated as errors
gmake[1]: *** [CMakeFiles/cmTC_08f08.dir/build.make:78: CMakeFiles/cmTC_08f08.dir/src.cxx.o] Error 1
gmake[1]: Leaving directory '/home/zewei/leveldb-pmdk/build/CMakeFiles/CMakeTmp'
gmake: *** [Makefile:127: cmTC_08f08/fast] Error 2


Source file was:

struct __attribute__((lockable)) Lock {
  void Acquire() __attribute__((exclusive_lock_function()));
  void Release() __attribute__((unlock_function()));
};
struct ThreadSafeType {
  Lock lock_;
  int data_ __attribute__((guarded_by(lock_)));
};
int main() { return 0; }

Determining if the function sqlite3_open exists in the sqlite3 failed with the following output:
Change Dir: /home/zewei/leveldb-pmdk/build/CMakeFiles/CMakeTmp

Run Build Command(s):/usr/bin/gmake -f Makefile cmTC_9d534/fast && /usr/bin/gmake  -f CMakeFiles/cmTC_9d534.dir/build.make CMakeFiles/cmTC_9d534.dir/build
gmake[1]: Entering directory '/home/zewei/leveldb-pmdk/build/CMakeFiles/CMakeTmp'
Building C object CMakeFiles/cmTC_9d534.dir/CheckFunctionExists.c.o
/usr/bin/cc   -DCHECK_FUNCTION_EXISTS=sqlite3_open -std=c11 -o CMakeFiles/cmTC_9d534.dir/CheckFunctionExists.c.o -c /usr/share/cmake-3.22/Modules/CheckFunctionExists.c
Linking C executable cmTC_9d534
/usr/bin/cmake -E cmake_link_script CMakeFiles/cmTC_9d534.dir/link.txt --verbose=1
/usr/bin/cc  -DCHECK_FUNCTION_EXISTS=sqlite3_open CMakeFiles/cmTC_9d534.dir/CheckFunctionExists.c.o -o cmTC_9d534  -lsqlite3 
/usr/bin/ld: cannot find -lsqlite3: No such file or directory
collect2: error: ld returned 1 exit status
gmake[1]: *** [CMakeFiles/cmTC_9d534.dir/build.make:99: cmTC_9d534] Error 1
gmake[1]: Leaving directory '/home/zewei/leveldb-pmdk/build/CMakeFiles/CMakeTmp'
gmake: *** [Makefile:127: cmTC_9d534/fast] Error 2



Performing C++ SOURCE FILE Test HAVE_KYOTOCABINET failed with the following output:
Change Dir: /home/zewei/leveldb-pmdk/build/CMakeFiles/CMakeTmp

Run Build Command(s):/usr/bin/gmake -f Makefile cmTC_08bfd/fast && /usr/bin/gmake  -f CMakeFiles/cmTC_08bfd.dir/build.make CMakeFiles/cmTC_08bfd.dir/build
gmake[1]: Entering directory '/home/zewei/leveldb-pmdk/build/CMakeFiles/CMakeTmp'
Building CXX object CMakeFiles/cmTC_08bfd.dir/src.cxx.o
/usr/bin/c++ -DHAVE_KYOTOCABINET  -std=c++11 -o CMakeFiles/cmTC_08bfd.dir/src.cxx.o -c /home/zewei/leveldb-pmdk/build/CMakeFiles/CMakeTmp/src.cxx
/home/zewei/leveldb-pmdk/build/CMakeFiles/CMakeTmp/src.cxx:2:10: fatal error: kcpolydb.h: No such file or directory
    2 | #include <kcpolydb.h>
      |          ^~~~~~~~~~~~
compilation terminated.
gmake[1]: *** [CMakeFiles/cmTC_08bfd.dir/build.make:78: CMakeFiles/cmTC_08bfd.dir/src.cxx.o] Error 1
gmake[1]: Leaving directory '/home/zewei/leveldb-pmdk/build/CMakeFiles/CMakeTmp'
gmake: *** [Makefile:127: cmTC_08bfd/fast] Error 2


Source file was:

#include <kcpolydb.h>

int main() {
  kyotocabinet::TreeDB* db = new kyotocabinet::TreeDB();
  delete db;
  return 0;
}
  
